<?xml version="1.0" encoding="UTF-8"?>
<testsuite name="test.java.OttawaU.iMetaLab.AppTest" time="32.508" tests="1" errors="0" skipped="0" failures="1">
  <properties>
    <property name="java.runtime.name" value="OpenJDK Runtime Environment"/>
    <property name="java.vm.version" value="10.0.2+13-Ubuntu-1ubuntu0.18.04.2"/>
    <property name="sun.boot.library.path" value="/usr/lib/jvm/java-11-openjdk-amd64/lib"/>
    <property name="maven.multiModuleProjectDirectory" value="/home/yiwei/git/repository/iMetaLab"/>
    <property name="java.vm.vendor" value="Oracle Corporation"/>
    <property name="java.vendor.url" value="http://java.oracle.com/"/>
    <property name="guice.disable.misplaced.annotation.check" value="true"/>
    <property name="path.separator" value=":"/>
    <property name="java.vm.name" value="OpenJDK 64-Bit Server VM"/>
    <property name="file.encoding.pkg" value="sun.io"/>
    <property name="sun.os.patch.level" value="unknown"/>
    <property name="user.country" value="CA"/>
    <property name="sun.java.launcher" value="SUN_STANDARD"/>
    <property name="java.vm.specification.name" value="Java Virtual Machine Specification"/>
    <property name="user.dir" value="/home/yiwei/git/repository/iMetaLab"/>
    <property name="java.vm.compressedOopsMode" value="32-bit"/>
    <property name="java.runtime.version" value="10.0.2+13-Ubuntu-1ubuntu0.18.04.2"/>
    <property name="java.awt.graphicsenv" value="sun.awt.X11GraphicsEnvironment"/>
    <property name="os.arch" value="amd64"/>
    <property name="java.io.tmpdir" value="/tmp"/>
    <property name="line.separator" value="&#10;"/>
    <property name="java.vm.specification.vendor" value="Oracle Corporation"/>
    <property name="os.name" value="Linux"/>
    <property name="classworlds.conf" value="/home/yiwei/eclipse-workspace/.metadata/.plugins/org.eclipse.m2e.launching/launches/m2conf3624295476592968527.tmp"/>
    <property name="sun.jnu.encoding" value="UTF-8"/>
    <property name="java.library.path" value="/usr/java/packages/lib:/usr/lib/x86_64-linux-gnu/jni:/lib/x86_64-linux-gnu:/usr/lib/x86_64-linux-gnu:/usr/lib/jni:/lib:/usr/lib"/>
    <property name="jdk.debug" value="release"/>
    <property name="java.class.version" value="54.0"/>
    <property name="java.specification.name" value="Java Platform API Specification"/>
    <property name="sun.management.compiler" value="HotSpot 64-Bit Tiered Compilers"/>
    <property name="os.version" value="4.15.0-36-generic"/>
    <property name="user.home" value="/home/yiwei"/>
    <property name="user.timezone" value="America/Toronto"/>
    <property name="java.awt.printerjob" value="sun.print.PSPrinterJob"/>
    <property name="file.encoding" value="UTF-8"/>
    <property name="java.specification.version" value="10"/>
    <property name="user.name" value="yiwei"/>
    <property name="java.class.path" value="/snap/eclipse/29/plugins/org.eclipse.m2e.maven.runtime_1.9.0.20180606-2035/jars/plexus-classworlds-2.5.2.jar"/>
    <property name="java.vm.specification.version" value="10"/>
    <property name="sun.arch.data.model" value="64"/>
    <property name="sun.java.command" value="org.codehaus.plexus.classworlds.launcher.Launcher -B test"/>
    <property name="java.home" value="/usr/lib/jvm/java-11-openjdk-amd64"/>
    <property name="user.language" value="en"/>
    <property name="java.specification.vendor" value="Oracle Corporation"/>
    <property name="awt.toolkit" value="sun.awt.X11.XToolkit"/>
    <property name="java.vm.info" value="mixed mode"/>
    <property name="java.version" value="10.0.2"/>
    <property name="securerandom.source" value="file:/dev/./urandom"/>
    <property name="java.vendor" value="Oracle Corporation"/>
    <property name="maven.home" value="/home/yiwei/git/repository/iMetaLab/EMBEDDED"/>
    <property name="file.separator" value="/"/>
    <property name="java.version.date" value="2018-07-17"/>
    <property name="java.vendor.url.bug" value="http://bugreport.java.com/bugreport/"/>
    <property name="sun.io.unicode.encoding" value="UnicodeLittle"/>
    <property name="sun.cpu.endian" value="little"/>
    <property name="sun.desktop" value="gnome"/>
    <property name="sun.cpu.isalist" value=""/>
  </properties>
  <testcase name="Go to Dashboards" classname="Scenario OttawaU.iMetaLab" time="32.508">
    <failure message="The text of Welcome to iMetaLab! expected:&lt;0&gt; but was:&lt;true&gt;" type="java.lang.AssertionError"><![CDATA[java.lang.AssertionError: The text of Welcome to iMetaLab! expected:<0> but was:<true>
	at org.junit.Assert.fail(Assert.java:88)
	at org.junit.Assert.failNotEquals(Assert.java:834)
	at org.junit.Assert.assertEquals(Assert.java:118)
	at test.java.OttawaU.iMetaLab.stepdefinition.welcome_to_iMetaLab_shows_up(stepdefinition.java:89)
	at ✽.Welcome to iMetaLab shows up(src/test/java/OttawaU/iMetaLab/steps.feature:30)
]]></failure>
    <system-out><![CDATA[Feature: Scenario OttawaU.iMetaLab

  Scenario: Go to Dashboards               &amp#27;[90m# src/test/java/OttawaU/iMetaLab/steps.feature:24&amp#27;[0m
    &amp#27;[32mGiven &amp#27;[0m&amp#27;[32mI have open the browser&amp#27;[0m          &amp#27;[90m# stepdefinition.I_have_open_the_browser()&amp#27;[0m
    &amp#27;[32mGiven &amp#27;[0m&amp#27;[32mI open iMetaLab website&amp#27;[0m          &amp#27;[90m# stepdefinition.i_open_iMetaLab_website()&amp#27;[0m
    &amp#27;[32mWhen &amp#27;[0m&amp#27;[32mI click Resource button&amp#27;[0m           &amp#27;[90m# stepdefinition.i_click_Resource_button()&amp#27;[0m
    &amp#27;[32mAnd &amp#27;[0m&amp#27;[32mI click the DownloadMetaLab button&amp#27;[0m &amp#27;[90m# stepdefinition.i_click_the_DownloadMetaLab_button()&amp#27;[0m
    &amp#27;[32mThen &amp#27;[0m&amp#27;[32mThe account page shows up&amp#27;[0m         &amp#27;[90m# stepdefinition.the_account_page_shows_up()&amp#27;[0m
    &amp#27;[31mWhen &amp#27;[0m&amp#27;[31mWelcome to iMetaLab shows up&amp#27;[0m      &amp#27;[90m# stepdefinition.welcome_to_iMetaLab_shows_up()&amp#27;[0m
      &amp#27;[31mjava.lang.AssertionError: The text of Welcome to iMetaLab! expected:<0> but was:<true>
	at org.junit.Assert.fail(Assert.java:88)
	at org.junit.Assert.failNotEquals(Assert.java:834)
	at org.junit.Assert.assertEquals(Assert.java:118)
	at test.java.OttawaU.iMetaLab.stepdefinition.welcome_to_iMetaLab_shows_up(stepdefinition.java:89)
	at ✽.Welcome to iMetaLab shows up(src/test/java/OttawaU/iMetaLab/steps.feature:30)
&amp#27;[0m
    &amp#27;[36mAnd &amp#27;[0m&amp#27;[36mCreate Session button shows up&amp#27;[0m     &amp#27;[90m# stepdefinition.create_Session_button_shows_up()&amp#27;[0m
    &amp#27;[36mAnd &amp#27;[0m&amp#27;[36mView Result button shows up&amp#27;[0m        &amp#27;[90m# stepdefinition.view_Result_button_shows_up()&amp#27;[0m
    &amp#27;[36mAnd &amp#27;[0m&amp#27;[36mTutorial button shows up&amp#27;[0m           &amp#27;[90m# stepdefinition.Tutorial_button_shows_up()&amp#27;[0m
    &amp#27;[36mThen &amp#27;[0m&amp#27;[36mI close the browser&amp#27;[0m               &amp#27;[90m# stepdefinition.I_close_the_browser()&amp#27;[0m
]]></system-out>
    <system-err><![CDATA[1539045130512	geckodriver	INFO	geckodriver 0.20.1
1539045130537	geckodriver	INFO	Listening on 127.0.0.1:25403
1539045131050	mozrunner::runner	INFO	Running command: "/usr/lib/firefox/firefox" "-marionette" "-profile" "/tmp/rust_mozprofile.P2cByvXsmoMI"
1539045135014	Marionette	INFO	Listening on port 44287
1539045135140	Marionette	WARN	TLS certificate errors will be ignored for this session
1539045135323	Marionette	DEBUG	[2147483649] Frame script loaded
1539045135389	Marionette	DEBUG	[2147483649] Frame script registered
Oct 08, 2018 8:32:15 PM org.openqa.selenium.remote.ProtocolHandshake createSession
INFO: Detected dialect: W3C
1539045135916	Marionette	DEBUG	[2147483649] Received DOM event beforeunload for about:blank
1539045136445	Marionette	DEBUG	[2147483649] Received DOM event pagehide for about:blank
1539045145691	Marionette	DEBUG	[2147483649] Received DOM event DOMContentLoaded for http://imetalab.ca/
1539045148544	Marionette	DEBUG	[2147483649] Received DOM event pageshow for http://imetalab.ca/
1539045149806	Marionette	DEBUG	[2147483649] Canceled page load listener because no navigation has been detected
1539045151824	Marionette	DEBUG	[2147483649] Received DOM event beforeunload for http://imetalab.ca/resource
1539045152111	Marionette	DEBUG	[2147483649] Received DOM event pagehide for http://imetalab.ca/resource
1539045152113	Marionette	DEBUG	[2147483649] Received DOM event unload for http://imetalab.ca/resource
1539045159496	Marionette	DEBUG	[2147483649] Received DOM event DOMContentLoaded for http://dashboard.imetalab.ca/account#/
1539045159835	Marionette	DEBUG	[2147483649] Received DOM event pageshow for http://dashboard.imetalab.ca/account#/
]]></system-err>
  </testcase>
</testsuite>